0 info it worked if it ends with ok
1 verbose cli [ '/usr/local/Cellar/node/6.0.0/bin/node',
1 verbose cli   '/usr/local/bin/npm',
1 verbose cli   'run',
1 verbose cli   'start' ]
2 info using npm@3.10.6
3 info using node@v6.0.0
4 verbose run-script [ 'prestart', 'start', 'poststart' ]
5 info lifecycle spa-github-pages@3.0.0~prestart: spa-github-pages@3.0.0
6 silly lifecycle spa-github-pages@3.0.0~prestart: no script for prestart, continuing
7 info lifecycle spa-github-pages@3.0.0~start: spa-github-pages@3.0.0
8 verbose lifecycle spa-github-pages@3.0.0~start: unsafe-perm in lifecycle true
9 verbose lifecycle spa-github-pages@3.0.0~start: PATH: /usr/local/lib/node_modules/npm/bin/node-gyp-bin:/Users/SeanBoramLee/DBC/spa-github-pages/node_modules/.bin:/usr/local/Cellar/node/6.0.0/bin:/Library/Frameworks/Python.framework/Versions/3.5/bin:/usr/local/heroku/bin:/usr/local/bin:/usr/local/sbin:~/bin:/Users/SeanBoramLee/.rbenv/bin:/Users/SeanBoramLee/.rbenv/shims:/usr/local/bin:/usr/bin:/bin:/usr/sbin:/sbin
10 verbose lifecycle spa-github-pages@3.0.0~start: CWD: /Users/SeanBoramLee/DBC/spa-github-pages
11 silly lifecycle spa-github-pages@3.0.0~start: Args: [ '-c',
11 silly lifecycle   'webpack-dev-server -d --inline --host 0.0.0.0 --history-api-fallback --progress' ]
12 silly lifecycle spa-github-pages@3.0.0~start: Returned: code: 1  signal: null
13 info lifecycle spa-github-pages@3.0.0~start: Failed to exec start script
14 verbose stack Error: spa-github-pages@3.0.0 start: `webpack-dev-server -d --inline --host 0.0.0.0 --history-api-fallback --progress`
14 verbose stack Exit status 1
14 verbose stack     at EventEmitter.<anonymous> (/usr/local/lib/node_modules/npm/lib/utils/lifecycle.js:255:16)
14 verbose stack     at emitTwo (events.js:106:13)
14 verbose stack     at EventEmitter.emit (events.js:191:7)
14 verbose stack     at ChildProcess.<anonymous> (/usr/local/lib/node_modules/npm/lib/utils/spawn.js:40:14)
14 verbose stack     at emitTwo (events.js:106:13)
14 verbose stack     at ChildProcess.emit (events.js:191:7)
14 verbose stack     at maybeClose (internal/child_process.js:850:16)
14 verbose stack     at Process.ChildProcess._handle.onexit (internal/child_process.js:215:5)
15 verbose pkgid spa-github-pages@3.0.0
16 verbose cwd /Users/SeanBoramLee/DBC/spa-github-pages
17 error Darwin 15.6.0
18 error argv "/usr/local/Cellar/node/6.0.0/bin/node" "/usr/local/bin/npm" "run" "start"
19 error node v6.0.0
20 error npm  v3.10.6
21 error code ELIFECYCLE
22 error spa-github-pages@3.0.0 start: `webpack-dev-server -d --inline --host 0.0.0.0 --history-api-fallback --progress`
22 error Exit status 1
23 error Failed at the spa-github-pages@3.0.0 start script 'webpack-dev-server -d --inline --host 0.0.0.0 --history-api-fallback --progress'.
23 error Make sure you have the latest version of node.js and npm installed.
23 error If you do, this is most likely a problem with the spa-github-pages package,
23 error not with npm itself.
23 error Tell the author that this fails on your system:
23 error     webpack-dev-server -d --inline --host 0.0.0.0 --history-api-fallback --progress
23 error You can get information on how to open an issue for this project with:
23 error     npm bugs spa-github-pages
23 error Or if that isn't available, you can get their info via:
23 error     npm owner ls spa-github-pages
23 error There is likely additional logging output above.
24 verbose exit [ 1, true ]
